Performing C SOURCE FILE Test CMAKE_HAVE_LIBC_PTHREAD failed with the following output:
Change Dir: D:/GitHub/mosze-semester-project-lonelyloners/pch/build/CMakeFiles/CMakeScratch/TryCompile-yc0z5l

Run Build Command(s):D:/Program Files/Microsoft Visual Studio/2022/Professional/MSBuild/Current/Bin/amd64/MSBuild.exe cmTC_a526a.vcxproj /p:Configuration=Debug /p:Platform=x64 /p:VisualStudioVersion=17.0 /v:m && MSBuild version 17.4.0+18d5aef85 for .NET Framework
  Microsoft (R) C/C++ Optimizing Compiler Version 19.34.31933 for x64
  src.c
  Copyright (C) Microsoft Corporation.  All rights reserved.
  cl /c /Zi /W3 /WX- /diagnostics:column /Od /Ob0 /D _MBCS /D WIN32 /D _WINDOWS /D CMAKE_HAVE_LIBC_PTHREAD /D "CMAKE_INTDIR=\"Debug\"" /Gm- /RTC1 /MDd /GS /fp:precise /Zc:wchar_t /Zc:forScope /Zc:inline /Fo"cmTC_a526a.dir\Debug\\" /Fd"cmTC_a526a.dir\Debug\vc143.pdb" /external:W3 /Gd /TC /errorReport:queue "D:\GitHub\mosze-semester-project-lonelyloners\pch\build\CMakeFiles\CMakeScratch\TryCompile-yc0z5l\src.c"
D:\GitHub\mosze-semester-project-lonelyloners\pch\build\CMakeFiles\CMakeScratch\TryCompile-yc0z5l\src.c(1,10): fatal  error C1083: Cannot open include file: 'pthread.h': No such file or directory [D:\GitHub\mosze-semester-project-lonelyloners\pch\build\CMakeFiles\CMakeScratch\TryCompile-yc0z5l\cmTC_a526a.vcxproj]


Source file was:
#include <pthread.h>

static void* test_func(void* data)
{
  return data;
}

int main(void)
{
  pthread_t thread;
  pthread_create(&thread, NULL, test_func, NULL);
  pthread_detach(thread);
  pthread_cancel(thread);
  pthread_join(thread, NULL);
  pthread_atfork(NULL, NULL, NULL);
  pthread_exit(NULL);

  return 0;
}


Determining if the function pthread_create exists in the pthreads failed with the following output:
Change Dir: D:/GitHub/mosze-semester-project-lonelyloners/pch/build/CMakeFiles/CMakeScratch/TryCompile-bhsrfj

Run Build Command(s):D:/Program Files/Microsoft Visual Studio/2022/Professional/MSBuild/Current/Bin/amd64/MSBuild.exe cmTC_dd14f.vcxproj /p:Configuration=Debug /p:Platform=x64 /p:VisualStudioVersion=17.0 /v:m && MSBuild version 17.4.0+18d5aef85 for .NET Framework
  Microsoft (R) C/C++ Optimizing Compiler Version 19.34.31933 for x64
  CheckFunctionExists.c
  Copyright (C) Microsoft Corporation.  All rights reserved.
  cl /c /Zi /W3 /WX- /diagnostics:column /Od /Ob0 /D _MBCS /D WIN32 /D _WINDOWS /D CHECK_FUNCTION_EXISTS=pthread_create /D "CMAKE_INTDIR=\"Debug\"" /Gm- /RTC1 /MDd /GS /fp:precise /Zc:wchar_t /Zc:forScope /Zc:inline /Fo"cmTC_dd14f.dir\Debug\\" /Fd"cmTC_dd14f.dir\Debug\vc143.pdb" /external:W3 /Gd /TC /errorReport:queue "D:\GitHub\mosze-semester-project-lonelyloners\pch\build\CMakeFiles\CMakeScratch\TryCompile-bhsrfj\CheckFunctionExists.c"
LINK : fatal error LNK1104: cannot open file 'pthreads.lib' [D:\GitHub\mosze-semester-project-lonelyloners\pch\build\CMakeFiles\CMakeScratch\TryCompile-bhsrfj\cmTC_dd14f.vcxproj]



Determining if the function pthread_create exists in the pthread failed with the following output:
Change Dir: D:/GitHub/mosze-semester-project-lonelyloners/pch/build/CMakeFiles/CMakeScratch/TryCompile-u7y6yq

Run Build Command(s):D:/Program Files/Microsoft Visual Studio/2022/Professional/MSBuild/Current/Bin/amd64/MSBuild.exe cmTC_d35bc.vcxproj /p:Configuration=Debug /p:Platform=x64 /p:VisualStudioVersion=17.0 /v:m && MSBuild version 17.4.0+18d5aef85 for .NET Framework
  Microsoft (R) C/C++ Optimizing Compiler Version 19.34.31933 for x64
  Copyright (C) Microsoft Corporation.  All rights reserved.
  CheckFunctionExists.c
  cl /c /Zi /W3 /WX- /diagnostics:column /Od /Ob0 /D _MBCS /D WIN32 /D _WINDOWS /D CHECK_FUNCTION_EXISTS=pthread_create /D "CMAKE_INTDIR=\"Debug\"" /Gm- /RTC1 /MDd /GS /fp:precise /Zc:wchar_t /Zc:forScope /Zc:inline /Fo"cmTC_d35bc.dir\Debug\\" /Fd"cmTC_d35bc.dir\Debug\vc143.pdb" /external:W3 /Gd /TC /errorReport:queue "D:\GitHub\mosze-semester-project-lonelyloners\pch\build\CMakeFiles\CMakeScratch\TryCompile-u7y6yq\CheckFunctionExists.c"
LINK : fatal error LNK1104: cannot open file 'pthread.lib' [D:\GitHub\mosze-semester-project-lonelyloners\pch\build\CMakeFiles\CMakeScratch\TryCompile-u7y6yq\cmTC_d35bc.vcxproj]



